info: X-Poster service started on port 3000 {"service":"x-poster-service","timestamp":"2025-07-28 17:02:43"}
info: ::1 - - [28/Jul/2025:16:02:54 +0000] "GET /api/v1/status HTTP/1.1" 200 189 "-" "PostmanRuntime/7.44.1" {"service":"x-poster-service","timestamp":"2025-07-28 17:02:54"}
info: ::1 - - [28/Jul/2025:16:03:00 +0000] "GET /api/v1/status HTTP/1.1" 200 189 "-" "PostmanRuntime/7.44.1" {"service":"x-poster-service","timestamp":"2025-07-28 17:03:00"}
info: ::1 - - [28/Jul/2025:16:03:01 +0000] "GET /api/v1/status HTTP/1.1" 200 189 "-" "PostmanRuntime/7.44.1" {"service":"x-poster-service","timestamp":"2025-07-28 17:03:01"}
info: ::1 - - [28/Jul/2025:16:03:02 +0000] "GET /api/v1/status HTTP/1.1" 200 189 "-" "PostmanRuntime/7.44.1" {"service":"x-poster-service","timestamp":"2025-07-28 17:03:02"}
info: ::1 - - [28/Jul/2025:16:03:02 +0000] "GET /api/v1/status HTTP/1.1" 200 189 "-" "PostmanRuntime/7.44.1" {"service":"x-poster-service","timestamp":"2025-07-28 17:03:02"}
info: ::1 - - [28/Jul/2025:16:03:03 +0000] "GET /api/v1/status HTTP/1.1" 200 189 "-" "PostmanRuntime/7.44.1" {"service":"x-poster-service","timestamp":"2025-07-28 17:03:03"}
info: ::1 - - [28/Jul/2025:16:03:07 +0000] "GET /api/v1/logs?lines=100 HTTP/1.1" 200 1508 "-" "PostmanRuntime/7.44.1" {"service":"x-poster-service","timestamp":"2025-07-28 17:03:07"}
info: ::1 - - [28/Jul/2025:16:03:13 +0000] "GET /api/v1/screenshots HTTP/1.1" 200 145 "-" "PostmanRuntime/7.44.1" {"service":"x-poster-service","timestamp":"2025-07-28 17:03:13"}
info: [2bddadb6-ea7f-4a64-b959-a25582b858ab] Using proxy at https://rp.scrapegw.com:6060 {"service":"x-poster-service","timestamp":"2025-07-28 17:03:17"}
info: [2bddadb6-ea7f-4a64-b959-a25582b858ab] New post request received: Testing the X-Poster API - Aut... {"service":"x-poster-service","timestamp":"2025-07-28 17:03:17"}
info: Setting up browser for new post {"service":"x-poster-service","timestamp":"2025-07-28 17:03:17"}
debug: Connecting with proxy at https://rp.scrapegw.com:6060 {"service":"x-poster-service","timestamp":"2025-07-28 17:03:17"}
info: Attempting to restore session {"service":"x-poster-service","timestamp":"2025-07-28 17:03:18"}
info: No session file found {"service":"x-poster-service","timestamp":"2025-07-28 17:03:18"}
info: No saved session found, logging in from scratch {"service":"x-poster-service","timestamp":"2025-07-28 17:03:18"}
info: Attempting to log in to X account {"service":"x-poster-service","timestamp":"2025-07-28 17:03:18"}
debug: Navigation attempt 1 to Twitter login page {"service":"x-poster-service","timestamp":"2025-07-28 17:03:18"}
warn: Navigation attempt 1 failed: net::ERR_NO_SUPPORTED_PROXIES at https://twitter.com/login. Retrying... {"service":"x-poster-service","timestamp":"2025-07-28 17:03:18"}
debug: Navigation attempt 2 to Twitter login page {"service":"x-poster-service","timestamp":"2025-07-28 17:03:20"}
warn: Navigation attempt 2 failed: net::ERR_NO_SUPPORTED_PROXIES at https://twitter.com/login. Retrying... {"service":"x-poster-service","timestamp":"2025-07-28 17:03:20"}
debug: Navigation attempt 3 to Twitter login page {"service":"x-poster-service","timestamp":"2025-07-28 17:03:24"}
error: Login process error: net::ERR_NO_SUPPORTED_PROXIES at https://twitter.com/login {"service":"x-poster-service","timestamp":"2025-07-28 17:03:24"}
error: Failed to capture screenshot: Protocol error (Page.captureScreenshot): Cannot take screenshot with 0 width. {"service":"x-poster-service","timestamp":"2025-07-28 17:03:24"}
error: Login failed: net::ERR_NO_SUPPORTED_PROXIES at https://twitter.com/login {"service":"x-poster-service","timestamp":"2025-07-28 17:03:24"}
info: Screenshot captured: login_error_2025-07-28T16-03-24.467Z_5fd5274d.png {"service":"x-poster-service","timestamp":"2025-07-28 17:03:24"}
info: Screenshot captured: login_failure_error_2025-07-28T16-03-24.564Z_01fe8cb4.png {"service":"x-poster-service","timestamp":"2025-07-28 17:03:24"}
error: [2bddadb6-ea7f-4a64-b959-a25582b858ab] Post creation failed: Failed to login to X {"service":"x-poster-service","timestamp":"2025-07-28 17:03:24"}
info: ::1 - - [28/Jul/2025:16:03:24 +0000] "POST /api/v1/post HTTP/1.1" 500 235 "-" "PostmanRuntime/7.44.1" {"service":"x-poster-service","timestamp":"2025-07-28 17:03:24"}
info: ::1 - - [28/Jul/2025:16:03:29 +0000] "GET /api/v1/screenshots HTTP/1.1" 200 540 "-" "PostmanRuntime/7.44.1" {"service":"x-poster-service","timestamp":"2025-07-28 17:03:29"}
info: ::1 - - [28/Jul/2025:16:03:47 +0000] "GET /api/v1/logs?lines=100 HTTP/1.1" 200 5083 "-" "PostmanRuntime/7.44.1" {"service":"x-poster-service","timestamp":"2025-07-28 17:03:47"}
warn: Authentication failed: Invalid or missing token format {"service":"x-poster-service","timestamp":"2025-07-28 17:04:12"}
info: ::1 - - [28/Jul/2025:16:04:12 +0000] "GET /api/v1/screenshots/login_error_2025-07-28T16-03-24.467Z_5fd5274d.png HTTP/1.1" 401 50 "-" "Mozilla/5.0 (Windows NT 10.0; Win64; x64) AppleWebKit/537.36 (KHTML, like Gecko) Chrome/138.0.0.0 Safari/537.36 Edg/138.0.0.0" {"service":"x-poster-service","timestamp":"2025-07-28 17:04:12"}
info: [6d0328a9-55ee-4970-bffc-1633641f1115] Using proxy at https://rp.scrapegw.com:6060 {"service":"x-poster-service","timestamp":"2025-07-28 17:04:39"}
info: [6d0328a9-55ee-4970-bffc-1633641f1115] New post request received: Testing the X-Poster API with ... {"service":"x-poster-service","timestamp":"2025-07-28 17:04:39"}
info: Setting up browser for new post {"service":"x-poster-service","timestamp":"2025-07-28 17:04:39"}
debug: Connecting with proxy at https://rp.scrapegw.com:6060 {"service":"x-poster-service","timestamp":"2025-07-28 17:04:39"}
info: Attempting to restore session {"service":"x-poster-service","timestamp":"2025-07-28 17:04:40"}
info: No session file found {"service":"x-poster-service","timestamp":"2025-07-28 17:04:40"}
info: No saved session found, logging in from scratch {"service":"x-poster-service","timestamp":"2025-07-28 17:04:40"}
info: Attempting to log in to X account {"service":"x-poster-service","timestamp":"2025-07-28 17:04:40"}
debug: Navigation attempt 1 to Twitter login page {"service":"x-poster-service","timestamp":"2025-07-28 17:04:40"}
warn: Navigation attempt 1 failed: net::ERR_NO_SUPPORTED_PROXIES at https://twitter.com/login. Retrying... {"service":"x-poster-service","timestamp":"2025-07-28 17:04:40"}
debug: Navigation attempt 2 to Twitter login page {"service":"x-poster-service","timestamp":"2025-07-28 17:04:42"}
warn: Navigation attempt 2 failed: net::ERR_NO_SUPPORTED_PROXIES at https://twitter.com/login. Retrying... {"service":"x-poster-service","timestamp":"2025-07-28 17:04:42"}
debug: Navigation attempt 3 to Twitter login page {"service":"x-poster-service","timestamp":"2025-07-28 17:04:46"}
error: Login process error: net::ERR_NO_SUPPORTED_PROXIES at https://twitter.com/login {"service":"x-poster-service","timestamp":"2025-07-28 17:04:46"}
error: Failed to capture screenshot: Protocol error (Page.captureScreenshot): Cannot take screenshot with 0 width. {"service":"x-poster-service","timestamp":"2025-07-28 17:04:46"}
error: Login failed: net::ERR_NO_SUPPORTED_PROXIES at https://twitter.com/login {"service":"x-poster-service","timestamp":"2025-07-28 17:04:46"}
info: Screenshot captured: login_error_2025-07-28T16-04-46.308Z_ebdabfe5.png {"service":"x-poster-service","timestamp":"2025-07-28 17:04:46"}
info: Screenshot captured: login_failure_error_2025-07-28T16-04-46.401Z_18a76ffe.png {"service":"x-poster-service","timestamp":"2025-07-28 17:04:46"}
error: [6d0328a9-55ee-4970-bffc-1633641f1115] Post creation failed: Failed to login to X {"service":"x-poster-service","timestamp":"2025-07-28 17:04:46"}
info: ::1 - - [28/Jul/2025:16:04:46 +0000] "POST /api/v1/post HTTP/1.1" 500 235 "-" "PostmanRuntime/7.44.1" {"service":"x-poster-service","timestamp":"2025-07-28 17:04:46"}
info: ::1 - - [28/Jul/2025:16:05:39 +0000] "GET /api/v1/status HTTP/1.1" 200 190 "-" "PostmanRuntime/7.44.1" {"service":"x-poster-service","timestamp":"2025-07-28 17:05:39"}
info: [298d8118-7e2d-4de0-95cf-c74d21427cc3] Using proxy at https://rp.scrapegw.com:6060 {"service":"x-poster-service","timestamp":"2025-07-28 17:06:11"}
info: [298d8118-7e2d-4de0-95cf-c74d21427cc3] New post request received: Testing the X-Poster API - Aut... {"service":"x-poster-service","timestamp":"2025-07-28 17:06:11"}
info: Setting up browser for new post {"service":"x-poster-service","timestamp":"2025-07-28 17:06:11"}
debug: Connecting with proxy at https://rp.scrapegw.com:6060 {"service":"x-poster-service","timestamp":"2025-07-28 17:06:11"}
info: Attempting to restore session {"service":"x-poster-service","timestamp":"2025-07-28 17:06:12"}
info: No session file found {"service":"x-poster-service","timestamp":"2025-07-28 17:06:12"}
info: No saved session found, logging in from scratch {"service":"x-poster-service","timestamp":"2025-07-28 17:06:12"}
info: Attempting to log in to X account {"service":"x-poster-service","timestamp":"2025-07-28 17:06:12"}
debug: Navigation attempt 1 to Twitter login page {"service":"x-poster-service","timestamp":"2025-07-28 17:06:12"}
warn: Navigation attempt 1 failed: net::ERR_NO_SUPPORTED_PROXIES at https://twitter.com/login. Retrying... {"service":"x-poster-service","timestamp":"2025-07-28 17:06:12"}
debug: Navigation attempt 2 to Twitter login page {"service":"x-poster-service","timestamp":"2025-07-28 17:06:14"}
warn: Navigation attempt 2 failed: net::ERR_NO_SUPPORTED_PROXIES at https://twitter.com/login. Retrying... {"service":"x-poster-service","timestamp":"2025-07-28 17:06:14"}
debug: Navigation attempt 3 to Twitter login page {"service":"x-poster-service","timestamp":"2025-07-28 17:06:18"}
error: Login process error: net::ERR_NO_SUPPORTED_PROXIES at https://twitter.com/login {"service":"x-poster-service","timestamp":"2025-07-28 17:06:18"}
error: Failed to capture screenshot: Protocol error (Page.captureScreenshot): Cannot take screenshot with 0 width. {"service":"x-poster-service","timestamp":"2025-07-28 17:06:18"}
error: Login failed: net::ERR_NO_SUPPORTED_PROXIES at https://twitter.com/login {"service":"x-poster-service","timestamp":"2025-07-28 17:06:18"}
info: Screenshot captured: login_error_2025-07-28T16-06-18.376Z_c82b0cef.png {"service":"x-poster-service","timestamp":"2025-07-28 17:06:18"}
info: Screenshot captured: login_failure_error_2025-07-28T16-06-18.471Z_52c69f66.png {"service":"x-poster-service","timestamp":"2025-07-28 17:06:18"}
error: [298d8118-7e2d-4de0-95cf-c74d21427cc3] Post creation failed: Failed to login to X {"service":"x-poster-service","timestamp":"2025-07-28 17:06:18"}
info: ::1 - - [28/Jul/2025:16:06:18 +0000] "POST /api/v1/post HTTP/1.1" 500 235 "-" "PostmanRuntime/7.44.1" {"service":"x-poster-service","timestamp":"2025-07-28 17:06:18"}
info: [6ad2b666-1c42-4736-bd68-b1ef4ff5b53c] Using proxy at https://rp.scrapegw.com:6060 {"service":"x-poster-service","timestamp":"2025-07-28 17:08:33"}
info: [6ad2b666-1c42-4736-bd68-b1ef4ff5b53c] New post request received: Testing the X-Poster API - Aut... {"service":"x-poster-service","timestamp":"2025-07-28 17:08:33"}
info: Setting up browser for new post {"service":"x-poster-service","timestamp":"2025-07-28 17:08:33"}
debug: Connecting with proxy at https://rp.scrapegw.com:6060 {"service":"x-poster-service","timestamp":"2025-07-28 17:08:33"}
info: Attempting to restore session {"service":"x-poster-service","timestamp":"2025-07-28 17:08:34"}
info: No session file found {"service":"x-poster-service","timestamp":"2025-07-28 17:08:34"}
info: No saved session found, logging in from scratch {"service":"x-poster-service","timestamp":"2025-07-28 17:08:34"}
info: Attempting to log in to X account {"service":"x-poster-service","timestamp":"2025-07-28 17:08:34"}
debug: Navigation attempt 1 to Twitter login page {"service":"x-poster-service","timestamp":"2025-07-28 17:08:34"}
warn: Navigation attempt 1 failed: net::ERR_NO_SUPPORTED_PROXIES at https://twitter.com/login. Retrying... {"service":"x-poster-service","timestamp":"2025-07-28 17:08:34"}
debug: Navigation attempt 2 to Twitter login page {"service":"x-poster-service","timestamp":"2025-07-28 17:08:36"}
warn: Navigation attempt 2 failed: net::ERR_NO_SUPPORTED_PROXIES at https://twitter.com/login. Retrying... {"service":"x-poster-service","timestamp":"2025-07-28 17:08:36"}
debug: Navigation attempt 3 to Twitter login page {"service":"x-poster-service","timestamp":"2025-07-28 17:08:40"}
error: Login process error: net::ERR_NO_SUPPORTED_PROXIES at https://twitter.com/login {"service":"x-poster-service","timestamp":"2025-07-28 17:08:40"}
error: Failed to capture screenshot: Protocol error (Page.captureScreenshot): Cannot take screenshot with 0 width. {"service":"x-poster-service","timestamp":"2025-07-28 17:08:40"}
error: Login failed: net::ERR_NO_SUPPORTED_PROXIES at https://twitter.com/login {"service":"x-poster-service","timestamp":"2025-07-28 17:08:40"}
info: Screenshot captured: login_error_2025-07-28T16-08-40.445Z_c79fb4fd.png {"service":"x-poster-service","timestamp":"2025-07-28 17:08:40"}
info: Screenshot captured: login_failure_error_2025-07-28T16-08-40.558Z_72b3ffe1.png {"service":"x-poster-service","timestamp":"2025-07-28 17:08:40"}
error: [6ad2b666-1c42-4736-bd68-b1ef4ff5b53c] Post creation failed: Failed to login to X {"service":"x-poster-service","timestamp":"2025-07-28 17:08:40"}
info: ::1 - - [28/Jul/2025:16:08:40 +0000] "POST /api/v1/post HTTP/1.1" 500 235 "-" "PostmanRuntime/7.44.1" {"service":"x-poster-service","timestamp":"2025-07-28 17:08:40"}
info: X-Poster service started on port 3000 {"service":"x-poster-service","timestamp":"2025-07-28 17:10:47"}
info: [a5fc8af9-0cba-4ece-a6d4-081f8b7c3324] Using proxy at https://rp.scrapegw.com:6060 {"service":"x-poster-service","timestamp":"2025-07-28 17:10:51"}
info: [a5fc8af9-0cba-4ece-a6d4-081f8b7c3324] New post request received: Testing the X-Poster API - Aut... {"service":"x-poster-service","timestamp":"2025-07-28 17:10:51"}
info: Setting up browser for new post {"service":"x-poster-service","timestamp":"2025-07-28 17:10:51"}
debug: Configured proxy URL (sensitive data redacted): http://***:***@rp.scrapegw.com:6060 {"service":"x-poster-service","timestamp":"2025-07-28 17:10:51"}
debug: Connecting with proxy at https://rp.scrapegw.com:6060 {"service":"x-poster-service","timestamp":"2025-07-28 17:10:51"}
info: Attempting to restore session {"service":"x-poster-service","timestamp":"2025-07-28 17:10:51"}
info: No session file found {"service":"x-poster-service","timestamp":"2025-07-28 17:10:51"}
info: No saved session found, logging in from scratch {"service":"x-poster-service","timestamp":"2025-07-28 17:10:51"}
info: Attempting to log in to X account {"service":"x-poster-service","timestamp":"2025-07-28 17:10:51"}
debug: Navigation attempt 1 to Twitter login page {"service":"x-poster-service","timestamp":"2025-07-28 17:10:51"}
warn: Navigation attempt 1 failed: net::ERR_NO_SUPPORTED_PROXIES at https://twitter.com/login. Retrying... {"service":"x-poster-service","timestamp":"2025-07-28 17:10:51"}
debug: Navigation attempt 2 to Twitter login page {"service":"x-poster-service","timestamp":"2025-07-28 17:10:53"}
warn: Navigation attempt 2 failed: Requesting main frame too early!. Retrying... {"service":"x-poster-service","timestamp":"2025-07-28 17:10:53"}
debug: Navigation attempt 3 to Twitter login page {"service":"x-poster-service","timestamp":"2025-07-28 17:10:57"}
error: Login process error: Requesting main frame too early! {"service":"x-poster-service","timestamp":"2025-07-28 17:10:57"}
error: Failed to capture screenshot: Protocol error (Page.bringToFront): Session closed. Most likely the page has been closed. {"service":"x-poster-service","timestamp":"2025-07-28 17:10:57"}
error: Login failed: Requesting main frame too early! {"service":"x-poster-service","timestamp":"2025-07-28 17:10:57"}
error: Failed to capture screenshot: Protocol error (Page.bringToFront): Session closed. Most likely the page has been closed. {"service":"x-poster-service","timestamp":"2025-07-28 17:10:57"}
error: Failed to capture screenshot: Protocol error (Page.bringToFront): Session closed. Most likely the page has been closed. {"service":"x-poster-service","timestamp":"2025-07-28 17:10:57"}
info: ::1 - - [28/Jul/2025:16:10:59 +0000] "POST /api/v1/post HTTP/1.1" - - "-" "PostmanRuntime/7.44.1" {"service":"x-poster-service","timestamp":"2025-07-28 17:10:59"}
info: X-Poster service started on port 3000 {"service":"x-poster-service","timestamp":"2025-07-28 17:13:33"}
info: [c49cec05-0163-42b1-b2b2-505515d9e0cc] Using proxy at https://rp.scrapegw.com:6060 {"service":"x-poster-service","timestamp":"2025-07-28 17:13:38"}
info: [c49cec05-0163-42b1-b2b2-505515d9e0cc] New post request received: Testing the X-Poster API - Aut... {"service":"x-poster-service","timestamp":"2025-07-28 17:13:38"}
info: Setting up browser for new post {"service":"x-poster-service","timestamp":"2025-07-28 17:13:38"}
debug: Configured proxy URL (sensitive data redacted): http://***:***@rp.scrapegw.com:6060 {"service":"x-poster-service","timestamp":"2025-07-28 17:13:38"}
debug: Connecting with proxy at https://rp.scrapegw.com:6060 {"service":"x-poster-service","timestamp":"2025-07-28 17:13:38"}
info: Attempting to restore session {"service":"x-poster-service","timestamp":"2025-07-28 17:13:38"}
info: No session file found {"service":"x-poster-service","timestamp":"2025-07-28 17:13:38"}
info: No saved session found, logging in from scratch {"service":"x-poster-service","timestamp":"2025-07-28 17:13:38"}
info: Attempting to log in to X account {"service":"x-poster-service","timestamp":"2025-07-28 17:13:38"}
debug: Navigation attempt 1 to Twitter login page {"service":"x-poster-service","timestamp":"2025-07-28 17:13:38"}
warn: Navigation attempt 1 failed: net::ERR_NO_SUPPORTED_PROXIES at https://twitter.com/login. Retrying... {"service":"x-poster-service","timestamp":"2025-07-28 17:13:38"}
debug: Navigation attempt 2 to Twitter login page {"service":"x-poster-service","timestamp":"2025-07-28 17:13:40"}
warn: Navigation attempt 2 failed: net::ERR_NO_SUPPORTED_PROXIES at https://twitter.com/login. Retrying... {"service":"x-poster-service","timestamp":"2025-07-28 17:13:40"}
debug: Navigation attempt 3 to Twitter login page {"service":"x-poster-service","timestamp":"2025-07-28 17:13:44"}
error: Login process error: net::ERR_NO_SUPPORTED_PROXIES at https://twitter.com/login {"service":"x-poster-service","timestamp":"2025-07-28 17:13:44"}
info: Screenshot captured: login_process_error_error_2025-07-28T16-13-44.933Z_1c355971.png {"service":"x-poster-service","timestamp":"2025-07-28 17:13:45"}
error: Login failed: net::ERR_NO_SUPPORTED_PROXIES at https://twitter.com/login {"service":"x-poster-service","timestamp":"2025-07-28 17:13:45"}
info: Screenshot captured: login_error_2025-07-28T16-13-45.030Z_0ba6a924.png {"service":"x-poster-service","timestamp":"2025-07-28 17:13:45"}
info: Screenshot captured: login_failure_error_2025-07-28T16-13-45.117Z_51cf4b9e.png {"service":"x-poster-service","timestamp":"2025-07-28 17:13:45"}
error: [c49cec05-0163-42b1-b2b2-505515d9e0cc] Post creation failed: Failed to login to X {"service":"x-poster-service","timestamp":"2025-07-28 17:13:45"}
info: ::1 - - [28/Jul/2025:16:13:45 +0000] "POST /api/v1/post HTTP/1.1" 500 235 "-" "PostmanRuntime/7.44.1" {"service":"x-poster-service","timestamp":"2025-07-28 17:13:45"}
info: [c1191ccc-bb80-4a7c-a4fb-92d4a1bbc637] Using proxy at https://rp.scrapegw.com:6060 {"service":"x-poster-service","timestamp":"2025-07-28 17:13:50"}
info: [c1191ccc-bb80-4a7c-a4fb-92d4a1bbc637] New post request received: Testing the X-Poster API - Aut... {"service":"x-poster-service","timestamp":"2025-07-28 17:13:50"}
info: Setting up browser for new post {"service":"x-poster-service","timestamp":"2025-07-28 17:13:50"}
debug: Configured proxy URL (sensitive data redacted): http://***:***@rp.scrapegw.com:6060 {"service":"x-poster-service","timestamp":"2025-07-28 17:13:50"}
debug: Connecting with proxy at https://rp.scrapegw.com:6060 {"service":"x-poster-service","timestamp":"2025-07-28 17:13:50"}
info: Attempting to restore session {"service":"x-poster-service","timestamp":"2025-07-28 17:13:50"}
info: No session file found {"service":"x-poster-service","timestamp":"2025-07-28 17:13:50"}
info: No saved session found, logging in from scratch {"service":"x-poster-service","timestamp":"2025-07-28 17:13:50"}
info: Attempting to log in to X account {"service":"x-poster-service","timestamp":"2025-07-28 17:13:50"}
debug: Navigation attempt 1 to Twitter login page {"service":"x-poster-service","timestamp":"2025-07-28 17:13:50"}
warn: Navigation attempt 1 failed: net::ERR_NO_SUPPORTED_PROXIES at https://twitter.com/login. Retrying... {"service":"x-poster-service","timestamp":"2025-07-28 17:13:50"}
debug: Navigation attempt 2 to Twitter login page {"service":"x-poster-service","timestamp":"2025-07-28 17:13:52"}
warn: Navigation attempt 2 failed: net::ERR_NO_SUPPORTED_PROXIES at https://twitter.com/login. Retrying... {"service":"x-poster-service","timestamp":"2025-07-28 17:13:52"}
debug: Navigation attempt 3 to Twitter login page {"service":"x-poster-service","timestamp":"2025-07-28 17:13:56"}
error: Login process error: net::ERR_NO_SUPPORTED_PROXIES at https://twitter.com/login {"service":"x-poster-service","timestamp":"2025-07-28 17:13:56"}
error: Failed to capture screenshot: Protocol error (Page.captureScreenshot): Cannot take screenshot with 0 width. {"service":"x-poster-service","timestamp":"2025-07-28 17:13:56"}
error: Login failed: net::ERR_NO_SUPPORTED_PROXIES at https://twitter.com/login {"service":"x-poster-service","timestamp":"2025-07-28 17:13:56"}
info: Screenshot captured: login_error_2025-07-28T16-13-56.888Z_1309ab1c.png {"service":"x-poster-service","timestamp":"2025-07-28 17:13:56"}
info: Screenshot captured: login_failure_error_2025-07-28T16-13-56.977Z_5abde605.png {"service":"x-poster-service","timestamp":"2025-07-28 17:13:57"}
error: [c1191ccc-bb80-4a7c-a4fb-92d4a1bbc637] Post creation failed: Failed to login to X {"service":"x-poster-service","timestamp":"2025-07-28 17:13:57"}
info: ::1 - - [28/Jul/2025:16:13:57 +0000] "POST /api/v1/post HTTP/1.1" 500 235 "-" "PostmanRuntime/7.44.1" {"service":"x-poster-service","timestamp":"2025-07-28 17:13:57"}
info: X-Poster service started on port 3000 {"service":"x-poster-service","timestamp":"2025-07-28 17:17:34"}
info: [f68db6e2-55d2-40b2-8c96-9dbbe5688eea] Using proxy at https://rp.scrapegw.com:6060 {"service":"x-poster-service","timestamp":"2025-07-28 17:17:41"}
info: [f68db6e2-55d2-40b2-8c96-9dbbe5688eea] New post request received: Testing the X-Poster API - Aut... {"service":"x-poster-service","timestamp":"2025-07-28 17:17:41"}
info: Setting up browser for new post {"service":"x-poster-service","timestamp":"2025-07-28 17:17:41"}
info: Setting up browser with proxy at rp.scrapegw.com:6060 {"service":"x-poster-service","timestamp":"2025-07-28 17:17:41"}
info: Proxy authentication configured {"service":"x-poster-service","timestamp":"2025-07-28 17:17:41"}
info: Attempting to restore session {"service":"x-poster-service","timestamp":"2025-07-28 17:17:41"}
info: No session file found {"service":"x-poster-service","timestamp":"2025-07-28 17:17:41"}
info: No saved session found, logging in from scratch {"service":"x-poster-service","timestamp":"2025-07-28 17:17:41"}
info: Attempting to log in to X account {"service":"x-poster-service","timestamp":"2025-07-28 17:17:41"}
debug: Navigation attempt 1 to Twitter login page {"service":"x-poster-service","timestamp":"2025-07-28 17:17:41"}
warn: Navigation attempt 1 failed: net::ERR_INVALID_AUTH_CREDENTIALS at https://twitter.com/login. Retrying... {"service":"x-poster-service","timestamp":"2025-07-28 17:17:41"}
debug: Navigation attempt 2 to Twitter login page {"service":"x-poster-service","timestamp":"2025-07-28 17:17:43"}
warn: Navigation attempt 2 failed: net::ERR_INVALID_AUTH_CREDENTIALS at https://twitter.com/login. Retrying... {"service":"x-poster-service","timestamp":"2025-07-28 17:17:44"}
debug: Navigation attempt 3 to Twitter login page {"service":"x-poster-service","timestamp":"2025-07-28 17:17:48"}
error: Login process error: net::ERR_INVALID_AUTH_CREDENTIALS at https://twitter.com/login {"service":"x-poster-service","timestamp":"2025-07-28 17:17:48"}
info: Screenshot captured: login_process_error_error_2025-07-28T16-17-48.508Z_1e6fc27c.png {"service":"x-poster-service","timestamp":"2025-07-28 17:17:48"}
error: Login failed: net::ERR_INVALID_AUTH_CREDENTIALS at https://twitter.com/login {"service":"x-poster-service","timestamp":"2025-07-28 17:17:48"}
info: Screenshot captured: login_error_2025-07-28T16-17-48.641Z_d94a45c7.png {"service":"x-poster-service","timestamp":"2025-07-28 17:17:48"}
info: Screenshot captured: login_failure_error_2025-07-28T16-17-48.714Z_21db6735.png {"service":"x-poster-service","timestamp":"2025-07-28 17:17:48"}
error: [f68db6e2-55d2-40b2-8c96-9dbbe5688eea] Post creation failed: Failed to login to X {"service":"x-poster-service","timestamp":"2025-07-28 17:17:48"}
info: ::1 - - [28/Jul/2025:16:17:48 +0000] "POST /api/v1/post HTTP/1.1" 500 235 "-" "PostmanRuntime/7.44.1" {"service":"x-poster-service","timestamp":"2025-07-28 17:17:48"}
info: [a0dbd63a-5dc3-4868-9d0c-ee88ea04c1ce] Using proxy at https://rp.scrapegw.com:6060 {"service":"x-poster-service","timestamp":"2025-07-28 17:17:53"}
info: [a0dbd63a-5dc3-4868-9d0c-ee88ea04c1ce] New post request received: Testing the X-Poster API - Aut... {"service":"x-poster-service","timestamp":"2025-07-28 17:17:53"}
info: Setting up browser for new post {"service":"x-poster-service","timestamp":"2025-07-28 17:17:53"}
info: Setting up browser with proxy at rp.scrapegw.com:6060 {"service":"x-poster-service","timestamp":"2025-07-28 17:17:53"}
info: Proxy authentication configured {"service":"x-poster-service","timestamp":"2025-07-28 17:17:53"}
info: Attempting to restore session {"service":"x-poster-service","timestamp":"2025-07-28 17:17:53"}
info: No session file found {"service":"x-poster-service","timestamp":"2025-07-28 17:17:53"}
info: No saved session found, logging in from scratch {"service":"x-poster-service","timestamp":"2025-07-28 17:17:53"}
info: Attempting to log in to X account {"service":"x-poster-service","timestamp":"2025-07-28 17:17:53"}
debug: Navigation attempt 1 to Twitter login page {"service":"x-poster-service","timestamp":"2025-07-28 17:17:53"}
warn: Navigation attempt 1 failed: net::ERR_INVALID_AUTH_CREDENTIALS at https://twitter.com/login. Retrying... {"service":"x-poster-service","timestamp":"2025-07-28 17:17:54"}
debug: Navigation attempt 2 to Twitter login page {"service":"x-poster-service","timestamp":"2025-07-28 17:17:56"}
warn: Navigation attempt 2 failed: net::ERR_INVALID_AUTH_CREDENTIALS at https://twitter.com/login. Retrying... {"service":"x-poster-service","timestamp":"2025-07-28 17:17:56"}
debug: Navigation attempt 3 to Twitter login page {"service":"x-poster-service","timestamp":"2025-07-28 17:18:00"}
error: Login process error: net::ERR_INVALID_AUTH_CREDENTIALS at https://twitter.com/login {"service":"x-poster-service","timestamp":"2025-07-28 17:18:00"}
info: Screenshot captured: login_process_error_error_2025-07-28T16-18-00.975Z_00fadd67.png {"service":"x-poster-service","timestamp":"2025-07-28 17:18:01"}
error: Login failed: net::ERR_INVALID_AUTH_CREDENTIALS at https://twitter.com/login {"service":"x-poster-service","timestamp":"2025-07-28 17:18:01"}
info: Screenshot captured: login_error_2025-07-28T16-18-01.068Z_86a7ee53.png {"service":"x-poster-service","timestamp":"2025-07-28 17:18:01"}
info: Screenshot captured: login_failure_error_2025-07-28T16-18-01.153Z_48e0ae1c.png {"service":"x-poster-service","timestamp":"2025-07-28 17:18:01"}
error: [a0dbd63a-5dc3-4868-9d0c-ee88ea04c1ce] Post creation failed: Failed to login to X {"service":"x-poster-service","timestamp":"2025-07-28 17:18:01"}
info: ::1 - - [28/Jul/2025:16:18:01 +0000] "POST /api/v1/post HTTP/1.1" 500 235 "-" "PostmanRuntime/7.44.1" {"service":"x-poster-service","timestamp":"2025-07-28 17:18:01"}
info: X-Poster service started on port 3000 {"service":"x-poster-service","timestamp":"2025-07-28 17:27:41"}
info: [a42ff788-394b-4432-90e9-c3e75469ae1c] Using proxy at https://rp.scrapegw.com:6060 {"service":"x-poster-service","timestamp":"2025-07-28 17:28:04"}
info: [a42ff788-394b-4432-90e9-c3e75469ae1c] New post request received: Testing the X-Poster API - Aut... {"service":"x-poster-service","timestamp":"2025-07-28 17:28:04"}
info: Setting up browser for new post {"service":"x-poster-service","timestamp":"2025-07-28 17:28:04"}
info: Setting up browser with proxy at rp.scrapegw.com:6060 {"service":"x-poster-service","timestamp":"2025-07-28 17:28:04"}
debug: Testing proxy authentication {"service":"x-poster-service","timestamp":"2025-07-28 17:28:04"}
info: Proxy authentication successful {"service":"x-poster-service","timestamp":"2025-07-28 17:28:06"}
debug: IP through proxy: {
  "origin": "97.103.14.140"
}
... {"service":"x-poster-service","timestamp":"2025-07-28 17:28:06"}
info: Proxy authentication configured for all future pages {"service":"x-poster-service","timestamp":"2025-07-28 17:28:06"}
info: Attempting to restore session {"service":"x-poster-service","timestamp":"2025-07-28 17:28:06"}
info: No session file found {"service":"x-poster-service","timestamp":"2025-07-28 17:28:06"}
info: No saved session found, logging in from scratch {"service":"x-poster-service","timestamp":"2025-07-28 17:28:06"}
info: Attempting to log in to X account {"service":"x-poster-service","timestamp":"2025-07-28 17:28:06"}
debug: Navigation attempt 1 to Twitter login page {"service":"x-poster-service","timestamp":"2025-07-28 17:28:06"}
debug: On login page, waiting for username field {"service":"x-poster-service","timestamp":"2025-07-28 17:28:27"}
info: Screenshot captured: login_username_progress_2025-07-28T16-28-29.122Z_6fd0adde.png {"service":"x-poster-service","timestamp":"2025-07-28 17:28:29"}
info: Screenshot captured: login_password_progress_2025-07-28T16-28-41.187Z_15e44403.png {"service":"x-poster-service","timestamp":"2025-07-28 17:28:41"}
error: Login process error: Could not detect successful login - post button not found {"service":"x-poster-service","timestamp":"2025-07-28 17:28:59"}
error: Failed to capture screenshot: Protocol error (Page.bringToFront): Session closed. Most likely the page has been closed. {"service":"x-poster-service","timestamp":"2025-07-28 17:28:59"}
error: Login failed: Could not detect successful login - post button not found {"service":"x-poster-service","timestamp":"2025-07-28 17:28:59"}
error: Failed to capture screenshot: Protocol error (Page.bringToFront): Session closed. Most likely the page has been closed. {"service":"x-poster-service","timestamp":"2025-07-28 17:28:59"}
error: Failed to capture screenshot: Protocol error (Page.bringToFront): Session closed. Most likely the page has been closed. {"service":"x-poster-service","timestamp":"2025-07-28 17:28:59"}
error: [a42ff788-394b-4432-90e9-c3e75469ae1c] Post creation failed: Failed to login to X {"service":"x-poster-service","timestamp":"2025-07-28 17:28:59"}
info: ::1 - - [28/Jul/2025:16:28:59 +0000] "POST /api/v1/post HTTP/1.1" 500 130 "-" "PostmanRuntime/7.44.1" {"service":"x-poster-service","timestamp":"2025-07-28 17:28:59"}
info: [d1743977-94dd-44d0-b1ed-537518326a8d] Using proxy at https://rp.scrapegw.com:6060 {"service":"x-poster-service","timestamp":"2025-07-28 17:30:15"}
info: [d1743977-94dd-44d0-b1ed-537518326a8d] New post request received: Testing the X-Poster API - Aut... {"service":"x-poster-service","timestamp":"2025-07-28 17:30:15"}
info: Setting up browser for new post {"service":"x-poster-service","timestamp":"2025-07-28 17:30:15"}
info: Setting up browser with proxy at rp.scrapegw.com:6060 {"service":"x-poster-service","timestamp":"2025-07-28 17:30:15"}
debug: Testing proxy authentication {"service":"x-poster-service","timestamp":"2025-07-28 17:30:16"}
info: Proxy authentication successful {"service":"x-poster-service","timestamp":"2025-07-28 17:30:19"}
debug: IP through proxy: {
  "origin": "103.112.58.208"
}
... {"service":"x-poster-service","timestamp":"2025-07-28 17:30:19"}
info: Proxy authentication configured for all future pages {"service":"x-poster-service","timestamp":"2025-07-28 17:30:19"}
info: Attempting to restore session {"service":"x-poster-service","timestamp":"2025-07-28 17:30:19"}
info: No session file found {"service":"x-poster-service","timestamp":"2025-07-28 17:30:19"}
info: No saved session found, logging in from scratch {"service":"x-poster-service","timestamp":"2025-07-28 17:30:19"}
info: Attempting to log in to X account {"service":"x-poster-service","timestamp":"2025-07-28 17:30:19"}
debug: Navigation attempt 1 to Twitter login page {"service":"x-poster-service","timestamp":"2025-07-28 17:30:19"}
debug: On login page, waiting for username field {"service":"x-poster-service","timestamp":"2025-07-28 17:30:29"}
info: Screenshot captured: login_username_progress_2025-07-28T16-30-33.148Z_28b976e3.png {"service":"x-poster-service","timestamp":"2025-07-28 17:30:33"}
error: Login process error: Waiting for selector `input[name="password"]` failed: Waiting failed: 30000ms exceeded {"service":"x-poster-service","timestamp":"2025-07-28 17:31:04"}
info: Screenshot captured: login_process_error_error_2025-07-28T16-31-04.509Z_ceb9f9fc.png {"service":"x-poster-service","timestamp":"2025-07-28 17:31:04"}
error: Login failed: Waiting for selector `input[name="password"]` failed: Waiting failed: 30000ms exceeded {"service":"x-poster-service","timestamp":"2025-07-28 17:31:04"}
info: Screenshot captured: login_error_2025-07-28T16-31-04.701Z_c8000fa5.png {"service":"x-poster-service","timestamp":"2025-07-28 17:31:04"}
info: Screenshot captured: login_failure_error_2025-07-28T16-31-04.873Z_3b03b454.png {"service":"x-poster-service","timestamp":"2025-07-28 17:31:05"}
error: [d1743977-94dd-44d0-b1ed-537518326a8d] Post creation failed: Failed to login to X {"service":"x-poster-service","timestamp":"2025-07-28 17:31:05"}
info: ::1 - - [28/Jul/2025:16:31:05 +0000] "POST /api/v1/post HTTP/1.1" 500 235 "-" "PostmanRuntime/7.44.1" {"service":"x-poster-service","timestamp":"2025-07-28 17:31:05"}
info: [edb4ac7b-c1fb-4830-b665-899ccfeb52f2] Using proxy at https://rp.scrapegw.com:6060 {"service":"x-poster-service","timestamp":"2025-07-28 17:32:42"}
info: [edb4ac7b-c1fb-4830-b665-899ccfeb52f2] New post request received: Testing the X-Poster API - Aut... {"service":"x-poster-service","timestamp":"2025-07-28 17:32:42"}
info: Setting up browser for new post {"service":"x-poster-service","timestamp":"2025-07-28 17:32:42"}
info: Setting up browser with proxy at rp.scrapegw.com:6060 {"service":"x-poster-service","timestamp":"2025-07-28 17:32:42"}
debug: Testing proxy authentication {"service":"x-poster-service","timestamp":"2025-07-28 17:32:42"}
error: Proxy authentication setup failed: Navigation timeout of 15000 ms exceeded {"service":"x-poster-service","timestamp":"2025-07-28 17:32:57"}
info: Screenshot captured: proxy_setup_error_2025-07-28T16-32-57.934Z_b1ed1602.png {"service":"x-poster-service","timestamp":"2025-07-28 17:32:58"}
error: Browser setup failed: Proxy authentication failed: Navigation timeout of 15000 ms exceeded {"service":"x-poster-service","timestamp":"2025-07-28 17:32:58"}
error: Error posting to X: Browser setup failed: Proxy authentication failed: Navigation timeout of 15000 ms exceeded {"service":"x-poster-service","timestamp":"2025-07-28 17:32:58"}
error: [edb4ac7b-c1fb-4830-b665-899ccfeb52f2] Post creation failed: Browser setup failed: Proxy authentication failed: Navigation timeout of 15000 ms exceeded {"service":"x-poster-service","timestamp":"2025-07-28 17:32:58"}
info: ::1 - - [28/Jul/2025:16:32:58 +0000] "POST /api/v1/post HTTP/1.1" 500 200 "-" "PostmanRuntime/7.44.1" {"service":"x-poster-service","timestamp":"2025-07-28 17:32:58"}
info: [e1e193c0-91ce-485d-9672-cc0e4745eaf8] Using proxy at https://rp.scrapegw.com:6060 {"service":"x-poster-service","timestamp":"2025-07-28 17:33:03"}
info: [e1e193c0-91ce-485d-9672-cc0e4745eaf8] New post request received: Testing the X-Poster API - Aut... {"service":"x-poster-service","timestamp":"2025-07-28 17:33:03"}
info: Setting up browser for new post {"service":"x-poster-service","timestamp":"2025-07-28 17:33:03"}
info: Setting up browser with proxy at rp.scrapegw.com:6060 {"service":"x-poster-service","timestamp":"2025-07-28 17:33:03"}
debug: Testing proxy authentication {"service":"x-poster-service","timestamp":"2025-07-28 17:33:03"}
info: Proxy authentication successful {"service":"x-poster-service","timestamp":"2025-07-28 17:33:06"}
debug: IP through proxy: {
  "origin": "24.127.182.91"
}
... {"service":"x-poster-service","timestamp":"2025-07-28 17:33:06"}
info: Proxy authentication configured for all future pages {"service":"x-poster-service","timestamp":"2025-07-28 17:33:06"}
info: Attempting to restore session {"service":"x-poster-service","timestamp":"2025-07-28 17:33:06"}
info: No session file found {"service":"x-poster-service","timestamp":"2025-07-28 17:33:06"}
info: No saved session found, logging in from scratch {"service":"x-poster-service","timestamp":"2025-07-28 17:33:06"}
info: Attempting to log in to X account {"service":"x-poster-service","timestamp":"2025-07-28 17:33:06"}
debug: Navigation attempt 1 to Twitter login page {"service":"x-poster-service","timestamp":"2025-07-28 17:33:06"}
warn: Navigation attempt 1 failed: Navigating frame was detached. Retrying... {"service":"x-poster-service","timestamp":"2025-07-28 17:33:28"}
debug: Navigation attempt 2 to Twitter login page {"service":"x-poster-service","timestamp":"2025-07-28 17:33:30"}
warn: Navigation attempt 2 failed: Requesting main frame too early!. Retrying... {"service":"x-poster-service","timestamp":"2025-07-28 17:33:30"}
debug: Navigation attempt 3 to Twitter login page {"service":"x-poster-service","timestamp":"2025-07-28 17:33:34"}
error: Login process error: Requesting main frame too early! {"service":"x-poster-service","timestamp":"2025-07-28 17:33:34"}
error: Failed to capture screenshot: Protocol error (Page.bringToFront): Session closed. Most likely the page has been closed. {"service":"x-poster-service","timestamp":"2025-07-28 17:33:34"}
error: Login failed: Requesting main frame too early! {"service":"x-poster-service","timestamp":"2025-07-28 17:33:34"}
error: Failed to capture screenshot: Protocol error (Page.bringToFront): Session closed. Most likely the page has been closed. {"service":"x-poster-service","timestamp":"2025-07-28 17:33:34"}
error: Failed to capture screenshot: Protocol error (Page.bringToFront): Session closed. Most likely the page has been closed. {"service":"x-poster-service","timestamp":"2025-07-28 17:33:34"}
info: X-Poster service started on port 3000 {"service":"x-poster-service","timestamp":"2025-07-28 17:33:38"}
info: [b3f398ee-6f19-4e82-a1b5-3be1a3652339] Using proxy at https://rp.scrapegw.com:6060 {"service":"x-poster-service","timestamp":"2025-07-28 17:33:55"}
info: [b3f398ee-6f19-4e82-a1b5-3be1a3652339] New post request received: Testing the X-Poster API - Aut... {"service":"x-poster-service","timestamp":"2025-07-28 17:33:55"}
info: Setting up browser for new post {"service":"x-poster-service","timestamp":"2025-07-28 17:33:55"}
info: Setting up browser with proxy at rp.scrapegw.com:6060 {"service":"x-poster-service","timestamp":"2025-07-28 17:33:55"}
debug: Testing proxy authentication {"service":"x-poster-service","timestamp":"2025-07-28 17:34:01"}
info: Proxy authentication successful {"service":"x-poster-service","timestamp":"2025-07-28 17:34:05"}
debug: IP through proxy: {
  "origin": "198.163.193.156"
}
... {"service":"x-poster-service","timestamp":"2025-07-28 17:34:05"}
info: Proxy authentication configured for all future pages {"service":"x-poster-service","timestamp":"2025-07-28 17:34:05"}
info: Attempting to restore session {"service":"x-poster-service","timestamp":"2025-07-28 17:34:05"}
info: No session file found {"service":"x-poster-service","timestamp":"2025-07-28 17:34:05"}
info: No saved session found, logging in from scratch {"service":"x-poster-service","timestamp":"2025-07-28 17:34:05"}
info: Attempting to log in to X account {"service":"x-poster-service","timestamp":"2025-07-28 17:34:05"}
debug: Navigation attempt 1 to Twitter login page {"service":"x-poster-service","timestamp":"2025-07-28 17:34:05"}
debug: On login page, waiting for username field {"service":"x-poster-service","timestamp":"2025-07-28 17:34:19"}
info: Screenshot captured: login_username_progress_2025-07-28T16-34-24.395Z_1eb1a753.png {"service":"x-poster-service","timestamp":"2025-07-28 17:34:24"}
debug: Username entered, clicking Next button {"service":"x-poster-service","timestamp":"2025-07-28 17:34:25"}
info: Screenshot captured: before_next_button_progress_2025-07-28T16-34-25.759Z_57223811.png {"service":"x-poster-service","timestamp":"2025-07-28 17:34:25"}
info: Screenshot captured: after_next_button_progress_2025-07-28T16-34-26.037Z_891a10a0.png {"service":"x-poster-service","timestamp":"2025-07-28 17:34:26"}
info: Screenshot captured: login_password_progress_2025-07-28T16-34-27.334Z_6508ec9d.png {"service":"x-poster-service","timestamp":"2025-07-28 17:34:27"}
error: Login process error: Navigation timeout of 90000 ms exceeded {"service":"x-poster-service","timestamp":"2025-07-28 17:35:58"}
info: Screenshot captured: login_process_error_error_2025-07-28T16-35-58.468Z_534bf81c.png {"service":"x-poster-service","timestamp":"2025-07-28 17:35:58"}
error: Login failed: Navigation timeout of 90000 ms exceeded {"service":"x-poster-service","timestamp":"2025-07-28 17:35:58"}
info: Screenshot captured: login_error_2025-07-28T16-35-58.655Z_9dcdcfba.png {"service":"x-poster-service","timestamp":"2025-07-28 17:35:58"}
info: Screenshot captured: login_failure_error_2025-07-28T16-35-58.775Z_667d5064.png {"service":"x-poster-service","timestamp":"2025-07-28 17:35:58"}
error: [b3f398ee-6f19-4e82-a1b5-3be1a3652339] Post creation failed: Failed to login to X {"service":"x-poster-service","timestamp":"2025-07-28 17:35:59"}
info: ::1 - - [28/Jul/2025:16:35:59 +0000] "POST /api/v1/post HTTP/1.1" 500 235 "-" "PostmanRuntime/7.44.1" {"service":"x-poster-service","timestamp":"2025-07-28 17:35:59"}
info: [7c2d561d-76ad-420b-a5c7-f410b7219a93] Using proxy at https://rp.scrapegw.com:6060 {"service":"x-poster-service","timestamp":"2025-07-28 17:36:43"}
info: [7c2d561d-76ad-420b-a5c7-f410b7219a93] New post request received: Testing the X-Poster API - Aut... {"service":"x-poster-service","timestamp":"2025-07-28 17:36:43"}
info: Setting up browser for new post {"service":"x-poster-service","timestamp":"2025-07-28 17:36:43"}
info: Setting up browser with proxy at rp.scrapegw.com:6060 {"service":"x-poster-service","timestamp":"2025-07-28 17:36:43"}
debug: Testing proxy authentication {"service":"x-poster-service","timestamp":"2025-07-28 17:36:43"}
info: Proxy authentication successful {"service":"x-poster-service","timestamp":"2025-07-28 17:36:47"}
debug: IP through proxy: {
  "origin": "181.124.12.215"
}
... {"service":"x-poster-service","timestamp":"2025-07-28 17:36:47"}
info: Proxy authentication configured for all future pages {"service":"x-poster-service","timestamp":"2025-07-28 17:36:47"}
info: Attempting to restore session {"service":"x-poster-service","timestamp":"2025-07-28 17:36:47"}
info: No session file found {"service":"x-poster-service","timestamp":"2025-07-28 17:36:47"}
info: No saved session found, logging in from scratch {"service":"x-poster-service","timestamp":"2025-07-28 17:36:47"}
info: Attempting to log in to X account {"service":"x-poster-service","timestamp":"2025-07-28 17:36:47"}
debug: Navigation attempt 1 to Twitter login page {"service":"x-poster-service","timestamp":"2025-07-28 17:36:47"}
debug: On login page, waiting for username field {"service":"x-poster-service","timestamp":"2025-07-28 17:37:18"}
info: Screenshot captured: login_username_progress_2025-07-28T16-37-21.417Z_75f07aaa.png {"service":"x-poster-service","timestamp":"2025-07-28 17:37:21"}
debug: Username entered, clicking Next button {"service":"x-poster-service","timestamp":"2025-07-28 17:37:22"}
info: Screenshot captured: before_next_button_progress_2025-07-28T16-37-22.841Z_9a1490bb.png {"service":"x-poster-service","timestamp":"2025-07-28 17:37:22"}
info: Screenshot captured: after_next_button_progress_2025-07-28T16-37-23.416Z_2d877853.png {"service":"x-poster-service","timestamp":"2025-07-28 17:37:23"}
info: Screenshot captured: login_password_progress_2025-07-28T16-37-24.630Z_03dabc5e.png {"service":"x-poster-service","timestamp":"2025-07-28 17:37:24"}
error: Login process error: Could not detect successful login - post button not found {"service":"x-poster-service","timestamp":"2025-07-28 17:38:44"}
error: Failed to capture screenshot: Protocol error (Page.bringToFront): Session closed. Most likely the page has been closed. {"service":"x-poster-service","timestamp":"2025-07-28 17:38:44"}
error: Login failed: Could not detect successful login - post button not found {"service":"x-poster-service","timestamp":"2025-07-28 17:38:44"}
error: Failed to capture screenshot: Protocol error (Page.bringToFront): Session closed. Most likely the page has been closed. {"service":"x-poster-service","timestamp":"2025-07-28 17:38:44"}
error: Failed to capture screenshot: Protocol error (Page.bringToFront): Session closed. Most likely the page has been closed. {"service":"x-poster-service","timestamp":"2025-07-28 17:38:44"}
error: [7c2d561d-76ad-420b-a5c7-f410b7219a93] Post creation failed: Failed to login to X {"service":"x-poster-service","timestamp":"2025-07-28 17:38:44"}
info: ::1 - - [28/Jul/2025:16:38:44 +0000] "POST /api/v1/post HTTP/1.1" 500 130 "-" "PostmanRuntime/7.44.1" {"service":"x-poster-service","timestamp":"2025-07-28 17:38:44"}
info: X-Poster service started on port 3000 {"service":"x-poster-service","timestamp":"2025-07-28 17:38:52"}
info: [77b4d84b-a9fa-4061-85b7-864ab9f1acc6] Using proxy at https://rp.scrapegw.com:6060 {"service":"x-poster-service","timestamp":"2025-07-28 17:38:56"}
info: [77b4d84b-a9fa-4061-85b7-864ab9f1acc6] New post request received: Testing the X-Poster API - Aut... {"service":"x-poster-service","timestamp":"2025-07-28 17:38:56"}
info: Setting up browser for new post {"service":"x-poster-service","timestamp":"2025-07-28 17:38:56"}
info: Setting up browser with proxy at rp.scrapegw.com:6060 {"service":"x-poster-service","timestamp":"2025-07-28 17:38:56"}
debug: Testing proxy authentication {"service":"x-poster-service","timestamp":"2025-07-28 17:38:57"}
info: Proxy authentication successful {"service":"x-poster-service","timestamp":"2025-07-28 17:38:59"}
debug: IP through proxy: {
  "origin": "67.165.108.173"
}
... {"service":"x-poster-service","timestamp":"2025-07-28 17:38:59"}
info: Proxy authentication configured for all future pages {"service":"x-poster-service","timestamp":"2025-07-28 17:38:59"}
info: Attempting to restore session {"service":"x-poster-service","timestamp":"2025-07-28 17:38:59"}
info: No session file found {"service":"x-poster-service","timestamp":"2025-07-28 17:38:59"}
info: No saved session found, logging in from scratch {"service":"x-poster-service","timestamp":"2025-07-28 17:38:59"}
info: Attempting to log in to X account {"service":"x-poster-service","timestamp":"2025-07-28 17:38:59"}
debug: Navigation attempt 1 to Twitter login page {"service":"x-poster-service","timestamp":"2025-07-28 17:38:59"}
debug: On login page, waiting for username field {"service":"x-poster-service","timestamp":"2025-07-28 17:39:13"}
info: Screenshot captured: login_username_progress_2025-07-28T16-39-16.319Z_4460c853.png {"service":"x-poster-service","timestamp":"2025-07-28 17:39:16"}
debug: Username entered, clicking Next button {"service":"x-poster-service","timestamp":"2025-07-28 17:39:17"}
info: Screenshot captured: before_next_button_progress_2025-07-28T16-39-17.671Z_d9d68db6.png {"service":"x-poster-service","timestamp":"2025-07-28 17:39:17"}
info: Screenshot captured: after_next_button_progress_2025-07-28T16-39-22.106Z_7b7665df.png {"service":"x-poster-service","timestamp":"2025-07-28 17:39:22"}
error: Login process error: Waiting for selector `input[name="password"]` failed: Protocol error (Runtime.callFunctionOn): Target closed {"service":"x-poster-service","timestamp":"2025-07-28 17:39:29"}
error: Failed to capture screenshot: Protocol error (Page.bringToFront): Session closed. Most likely the page has been closed. {"service":"x-poster-service","timestamp":"2025-07-28 17:39:29"}
error: Login failed: Waiting for selector `input[name="password"]` failed: Protocol error (Runtime.callFunctionOn): Target closed {"service":"x-poster-service","timestamp":"2025-07-28 17:39:29"}
error: Failed to capture screenshot: Protocol error (Page.bringToFront): Session closed. Most likely the page has been closed. {"service":"x-poster-service","timestamp":"2025-07-28 17:39:29"}
error: Failed to capture screenshot: Protocol error (Page.bringToFront): Session closed. Most likely the page has been closed. {"service":"x-poster-service","timestamp":"2025-07-28 17:39:29"}
error: [77b4d84b-a9fa-4061-85b7-864ab9f1acc6] Post creation failed: Failed to login to X {"service":"x-poster-service","timestamp":"2025-07-28 17:39:29"}
info: ::1 - - [28/Jul/2025:16:39:29 +0000] "POST /api/v1/post HTTP/1.1" 500 130 "-" "PostmanRuntime/7.44.1" {"service":"x-poster-service","timestamp":"2025-07-28 17:39:29"}
info: [a86cdfb4-9330-4cc4-b287-d22e34d84b9c] Using proxy at https://rp.scrapegw.com:6060 {"service":"x-poster-service","timestamp":"2025-07-28 17:39:31"}
info: [a86cdfb4-9330-4cc4-b287-d22e34d84b9c] New post request received: Testing the X-Poster API - Aut... {"service":"x-poster-service","timestamp":"2025-07-28 17:39:31"}
info: Setting up browser for new post {"service":"x-poster-service","timestamp":"2025-07-28 17:39:31"}
info: Setting up browser with proxy at rp.scrapegw.com:6060 {"service":"x-poster-service","timestamp":"2025-07-28 17:39:31"}
debug: Testing proxy authentication {"service":"x-poster-service","timestamp":"2025-07-28 17:39:32"}
info: Proxy authentication successful {"service":"x-poster-service","timestamp":"2025-07-28 17:39:35"}
debug: IP through proxy: {
  "origin": "37.238.212.6"
}
... {"service":"x-poster-service","timestamp":"2025-07-28 17:39:35"}
info: Proxy authentication configured for all future pages {"service":"x-poster-service","timestamp":"2025-07-28 17:39:35"}
info: Attempting to restore session {"service":"x-poster-service","timestamp":"2025-07-28 17:39:35"}
info: No session file found {"service":"x-poster-service","timestamp":"2025-07-28 17:39:35"}
info: No saved session found, logging in from scratch {"service":"x-poster-service","timestamp":"2025-07-28 17:39:35"}
info: Attempting to log in to X account {"service":"x-poster-service","timestamp":"2025-07-28 17:39:35"}
debug: Navigation attempt 1 to Twitter login page {"service":"x-poster-service","timestamp":"2025-07-28 17:39:35"}
debug: On login page, waiting for username field {"service":"x-poster-service","timestamp":"2025-07-28 17:39:47"}
info: Screenshot captured: login_username_progress_2025-07-28T16-39-49.984Z_2be10790.png {"service":"x-poster-service","timestamp":"2025-07-28 17:39:50"}
debug: Username entered, clicking Next button {"service":"x-poster-service","timestamp":"2025-07-28 17:39:51"}
info: Screenshot captured: before_next_button_progress_2025-07-28T16-39-51.334Z_ee205677.png {"service":"x-poster-service","timestamp":"2025-07-28 17:39:51"}
info: Screenshot captured: after_next_button_progress_2025-07-28T16-39-51.483Z_94774529.png {"service":"x-poster-service","timestamp":"2025-07-28 17:39:51"}
info: Screenshot captured: login_password_progress_2025-07-28T16-39-52.797Z_15769a3f.png {"service":"x-poster-service","timestamp":"2025-07-28 17:39:52"}
debug: Password entered, clicking login button {"service":"x-poster-service","timestamp":"2025-07-28 17:39:53"}
info: Screenshot captured: before_login_button_progress_2025-07-28T16-39-53.911Z_235bc084.png {"service":"x-poster-service","timestamp":"2025-07-28 17:39:54"}
warn: Could not find login button by data-testid: Waiting for selector `button[data-testid="LoginForm_Login_Button"]` failed: Waiting failed: 5000ms exceeded {"service":"x-poster-service","timestamp":"2025-07-28 17:39:59"}
info: Screenshot captured: after_login_button_progress_2025-07-28T16-39-59.032Z_af570c09.png {"service":"x-poster-service","timestamp":"2025-07-28 17:39:59"}
info: X-Poster service started on port 3000 {"service":"x-poster-service","timestamp":"2025-07-28 19:38:52"}
warn: Authentication failed: Invalid token provided {"service":"x-poster-service","timestamp":"2025-07-28 19:38:58"}
info: ::1 - - [28/Jul/2025:18:38:58 +0000] "GET /api/v1/status HTTP/1.1" 401 39 "-" "PostmanRuntime/7.44.1" {"service":"x-poster-service","timestamp":"2025-07-28 19:38:58"}
warn: Authentication failed: Invalid token provided {"service":"x-poster-service","timestamp":"2025-07-28 19:39:38"}
info: ::1 - - [28/Jul/2025:18:39:38 +0000] "GET /api/v1/status HTTP/1.1" 401 39 "-" "PostmanRuntime/7.44.1" {"service":"x-poster-service","timestamp":"2025-07-28 19:39:38"}
info: X-Poster service started on port 3000 {"service":"x-poster-service","timestamp":"2025-07-28 19:39:45"}
info: ::1 - - [28/Jul/2025:18:39:48 +0000] "GET /api/v1/status HTTP/1.1" 200 187 "-" "PostmanRuntime/7.44.1" {"service":"x-poster-service","timestamp":"2025-07-28 19:39:48"}
info: [84d77238-e095-4986-9648-bc0d5f61e9c5] Using proxy at gw.dataimpulse.com:10000 {"service":"x-poster-service","timestamp":"2025-07-28 19:39:52"}
info: [84d77238-e095-4986-9648-bc0d5f61e9c5] New post request received: Testing the X-Poster API - Aut... {"service":"x-poster-service","timestamp":"2025-07-28 19:39:52"}
info: Setting up browser for new post {"service":"x-poster-service","timestamp":"2025-07-28 19:39:52"}
info: Setting up browser with proxy: gw.dataimpulse.com:10000 (auth: true) {"service":"x-poster-service","timestamp":"2025-07-28 19:39:52"}
debug: Testing proxy authentication {"service":"x-poster-service","timestamp":"2025-07-28 19:39:53"}
info: Proxy authentication successful! IP: 5.107.69.246 {"service":"x-poster-service","timestamp":"2025-07-28 19:39:56"}
info: Proxy authentication configured for all future pages {"service":"x-poster-service","timestamp":"2025-07-28 19:39:56"}
debug: Applied proxy authentication to new page {"service":"x-poster-service","timestamp":"2025-07-28 19:39:57"}
info: Attempting to restore session {"service":"x-poster-service","timestamp":"2025-07-28 19:39:57"}
info: No session file found {"service":"x-poster-service","timestamp":"2025-07-28 19:39:57"}
info: No saved session found, logging in from scratch {"service":"x-poster-service","timestamp":"2025-07-28 19:39:57"}
info: Attempting to log in to X account {"service":"x-poster-service","timestamp":"2025-07-28 19:39:57"}
debug: Navigation attempt 1 to Twitter login page {"service":"x-poster-service","timestamp":"2025-07-28 19:39:57"}
debug: On login page, waiting for username field {"service":"x-poster-service","timestamp":"2025-07-28 19:40:19"}
info: Screenshot captured: login_username_progress_2025-07-28T18-40-23.402Z_1ee4b018.png {"service":"x-poster-service","timestamp":"2025-07-28 19:40:23"}
debug: Username entered, clicking Next button {"service":"x-poster-service","timestamp":"2025-07-28 19:40:24"}
info: Screenshot captured: before_next_button_progress_2025-07-28T18-40-24.670Z_c2821ff1.png {"service":"x-poster-service","timestamp":"2025-07-28 19:40:24"}
info: Screenshot captured: after_next_button_progress_2025-07-28T18-40-30.215Z_0327c7d8.png {"service":"x-poster-service","timestamp":"2025-07-28 19:40:30"}
error: Login process error: Waiting for selector `input[name="password"]` failed: Protocol error (Runtime.callFunctionOn): Target closed {"service":"x-poster-service","timestamp":"2025-07-28 19:40:46"}
error: Failed to capture screenshot: Protocol error (Page.bringToFront): Session closed. Most likely the page has been closed. {"service":"x-poster-service","timestamp":"2025-07-28 19:40:46"}
error: Login failed: Waiting for selector `input[name="password"]` failed: Protocol error (Runtime.callFunctionOn): Target closed {"service":"x-poster-service","timestamp":"2025-07-28 19:40:46"}
error: Failed to capture screenshot: Protocol error (Page.bringToFront): Session closed. Most likely the page has been closed. {"service":"x-poster-service","timestamp":"2025-07-28 19:40:46"}
error: Failed to capture screenshot: Protocol error (Page.bringToFront): Session closed. Most likely the page has been closed. {"service":"x-poster-service","timestamp":"2025-07-28 19:40:46"}
error: [84d77238-e095-4986-9648-bc0d5f61e9c5] Post creation failed: Failed to login to X {"service":"x-poster-service","timestamp":"2025-07-28 19:40:47"}
info: ::1 - - [28/Jul/2025:18:40:47 +0000] "POST /api/v1/post HTTP/1.1" 500 130 "-" "PostmanRuntime/7.44.1" {"service":"x-poster-service","timestamp":"2025-07-28 19:40:47"}
info: X-Poster service started on port 3000 {"service":"x-poster-service","timestamp":"2025-07-28 19:54:02"}
info: [0feb367a-ca7d-47d2-8e28-49d026c9ef5b] Using proxy at gw.dataimpulse.com:10000 {"service":"x-poster-service","timestamp":"2025-07-28 19:54:07"}
info: [0feb367a-ca7d-47d2-8e28-49d026c9ef5b] New post request received: Testing the X-Poster API - Aut... {"service":"x-poster-service","timestamp":"2025-07-28 19:54:07"}
info: Setting up browser for new post {"service":"x-poster-service","timestamp":"2025-07-28 19:54:07"}
info: Setting up browser with proxy: gw.dataimpulse.com:10000 (auth: true) {"service":"x-poster-service","timestamp":"2025-07-28 19:54:07"}
debug: Testing proxy authentication {"service":"x-poster-service","timestamp":"2025-07-28 19:54:07"}
info: Proxy authentication successful! IP: 5.107.69.246 {"service":"x-poster-service","timestamp":"2025-07-28 19:54:11"}
info: Proxy authentication configured for all future pages {"service":"x-poster-service","timestamp":"2025-07-28 19:54:11"}
debug: Applied proxy authentication to new page {"service":"x-poster-service","timestamp":"2025-07-28 19:54:11"}
info: Attempting to restore session {"service":"x-poster-service","timestamp":"2025-07-28 19:54:11"}
info: No session file found {"service":"x-poster-service","timestamp":"2025-07-28 19:54:11"}
info: No saved session found, logging in from scratch {"service":"x-poster-service","timestamp":"2025-07-28 19:54:11"}
info: Attempting to log in to X account {"service":"x-poster-service","timestamp":"2025-07-28 19:54:11"}
debug: Navigation attempt 1 to Twitter login page {"service":"x-poster-service","timestamp":"2025-07-28 19:54:11"}
debug: On login page, waiting for username field {"service":"x-poster-service","timestamp":"2025-07-28 19:54:38"}
info: Screenshot captured: login_username_progress_2025-07-28T18-54-42.298Z_82ee54a0.png {"service":"x-poster-service","timestamp":"2025-07-28 19:54:42"}
debug: Entering username with human-like timing {"service":"x-poster-service","timestamp":"2025-07-28 19:54:42"}
error: Login process error: No element found for selector: input[autocomplete="username"] {"service":"x-poster-service","timestamp":"2025-07-28 19:54:42"}
info: Screenshot captured: login_process_error_error_2025-07-28T18-54-42.426Z_f49834d1.png {"service":"x-poster-service","timestamp":"2025-07-28 19:54:42"}
error: Login failed: No element found for selector: input[autocomplete="username"] {"service":"x-poster-service","timestamp":"2025-07-28 19:54:42"}
info: Screenshot captured: login_error_2025-07-28T18-54-42.509Z_37c9ca06.png {"service":"x-poster-service","timestamp":"2025-07-28 19:54:42"}
info: Screenshot captured: login_failure_error_2025-07-28T18-54-42.591Z_3f644436.png {"service":"x-poster-service","timestamp":"2025-07-28 19:54:42"}
error: [0feb367a-ca7d-47d2-8e28-49d026c9ef5b] Post creation failed: Failed to login to X {"service":"x-poster-service","timestamp":"2025-07-28 19:54:42"}
info: ::1 - - [28/Jul/2025:18:54:42 +0000] "POST /api/v1/post HTTP/1.1" 500 235 "-" "PostmanRuntime/7.44.1" {"service":"x-poster-service","timestamp":"2025-07-28 19:54:42"}
error: uncaughtException: Unexpected token 'else'
C:\Users\nihed\Desktop\HechTask\services\xService.js:1025
    } else {
      ^^^^

SyntaxError: Unexpected token 'else'
    at internalCompileFunction (node:internal/vm:76:18)
    at wrapSafe (node:internal/modules/cjs/loader:1283:20)
    at Module._compile (node:internal/modules/cjs/loader:1328:27)
    at Module._extensions..js (node:internal/modules/cjs/loader:1422:10)
    at Module.load (node:internal/modules/cjs/loader:1203:32)
    at Module._load (node:internal/modules/cjs/loader:1019:12)
    at Module.require (node:internal/modules/cjs/loader:1231:19)
    at require (node:internal/modules/helpers:177:18)
    at Object.<anonymous> (C:\Users\nihed\Desktop\HechTask\routes\api.js:9:31)
    at Module._compile (node:internal/modules/cjs/loader:1364:14) {"service":"x-poster-service","timestamp":"2025-07-28 20:02:30"}
info: X-Poster service started on port 3000 {"service":"x-poster-service","timestamp":"2025-07-28 20:03:48"}
info: X-Poster service started on port 3000 {"service":"x-poster-service","timestamp":"2025-07-28 20:07:13"}
info: ::1 - - [28/Jul/2025:19:07:20 +0000] "GET /api/v1/status HTTP/1.1" 200 188 "-" "PostmanRuntime/7.44.1" {"service":"x-poster-service","timestamp":"2025-07-28 20:07:20"}
info: [c1d297fe-cc1e-4f25-835e-f82df1e161e9] Using proxy at gw.dataimpulse.com:10000 {"service":"x-poster-service","timestamp":"2025-07-28 20:07:23"}
info: [c1d297fe-cc1e-4f25-835e-f82df1e161e9] New post request received: Testing the X-Poster API - Aut... {"service":"x-poster-service","timestamp":"2025-07-28 20:07:23"}
info: Setting up browser for new post {"service":"x-poster-service","timestamp":"2025-07-28 20:07:23"}
info: Setting up browser with proxy: gw.dataimpulse.com:10000 (auth: true) {"service":"x-poster-service","timestamp":"2025-07-28 20:07:23"}
debug: Testing proxy authentication {"service":"x-poster-service","timestamp":"2025-07-28 20:07:24"}
info: Proxy authentication successful! IP: 5.107.69.246 {"service":"x-poster-service","timestamp":"2025-07-28 20:07:29"}
info: Proxy authentication configured for all future pages {"service":"x-poster-service","timestamp":"2025-07-28 20:07:29"}
debug: Applied proxy authentication to new page {"service":"x-poster-service","timestamp":"2025-07-28 20:07:29"}
info: Attempting to restore enhanced session {"service":"x-poster-service","timestamp":"2025-07-28 20:07:29"}
info: Attempting to restore enhanced session {"service":"x-poster-service","timestamp":"2025-07-28 20:07:29"}
info: No session file found {"service":"x-poster-service","timestamp":"2025-07-28 20:07:29"}
warn: No saved session available {"service":"x-poster-service","timestamp":"2025-07-28 20:07:29"}
info: No valid session found, logging in again {"service":"x-poster-service","timestamp":"2025-07-28 20:07:29"}
info: Screenshot captured: before_login_attempt_progress_2025-07-28T19-07-29.419Z_ffe46cc6.png {"service":"x-poster-service","timestamp":"2025-07-28 20:07:29"}
info: Attempting to log in to X account {"service":"x-poster-service","timestamp":"2025-07-28 20:07:29"}
debug: Navigation attempt 1 to Twitter login page {"service":"x-poster-service","timestamp":"2025-07-28 20:07:29"}
debug: On login page, waiting for username field {"service":"x-poster-service","timestamp":"2025-07-28 20:07:49"}
info: Screenshot captured: login_username_progress_2025-07-28T19-07-54.904Z_22dada43.png {"service":"x-poster-service","timestamp":"2025-07-28 20:07:55"}
debug: Entering username with human-like timing {"service":"x-poster-service","timestamp":"2025-07-28 20:07:55"}
debug: Typing text into input[autocomplete="username"] with human-like patterns {"service":"x-poster-service","timestamp":"2025-07-28 20:07:55"}
debug: Username entered, preparing to click Next button {"service":"x-poster-service","timestamp":"2025-07-28 20:07:59"}
info: Screenshot captured: before_next_button_progress_2025-07-28T19-07-59.991Z_2650aed4.png {"service":"x-poster-service","timestamp":"2025-07-28 20:08:00"}
debug: Looking for Next button with human-like movements {"service":"x-poster-service","timestamp":"2025-07-28 20:08:00"}
warn: Standard button selectors failed, trying alternative approaches {"service":"x-poster-service","timestamp":"2025-07-28 20:08:01"}
warn: Could not find Next button with any method {"service":"x-poster-service","timestamp":"2025-07-28 20:08:01"}
info: Screenshot captured: after_next_button_progress_2025-07-28T19-08-01.925Z_107cddef.png {"service":"x-poster-service","timestamp":"2025-07-28 20:08:02"}
error: Login process error: Waiting for selector `input[name="password"]` failed: Waiting failed: 30000ms exceeded {"service":"x-poster-service","timestamp":"2025-07-28 20:08:34"}
info: Screenshot captured: login_process_error_error_2025-07-28T19-08-34.292Z_92b5bcdf.png {"service":"x-poster-service","timestamp":"2025-07-28 20:08:34"}
error: Login failed: Waiting for selector `input[name="password"]` failed: Waiting failed: 30000ms exceeded {"service":"x-poster-service","timestamp":"2025-07-28 20:08:34"}
info: Screenshot captured: login_error_2025-07-28T19-08-34.442Z_4174711f.png {"service":"x-poster-service","timestamp":"2025-07-28 20:08:34"}
error: Failed to login to X {"service":"x-poster-service","timestamp":"2025-07-28 20:08:34"}
info: Screenshot captured: login_failure_error_2025-07-28T19-08-34.587Z_681e3980.png {"service":"x-poster-service","timestamp":"2025-07-28 20:08:34"}
error: [c1d297fe-cc1e-4f25-835e-f82df1e161e9] Post creation failed: Failed to login to X {"service":"x-poster-service","timestamp":"2025-07-28 20:08:34"}
info: ::1 - - [28/Jul/2025:19:08:34 +0000] "POST /api/v1/post HTTP/1.1" 500 235 "-" "PostmanRuntime/7.44.1" {"service":"x-poster-service","timestamp":"2025-07-28 20:08:34"}
info: X-Poster service started on port 3000 {"service":"x-poster-service","timestamp":"2025-07-28 21:01:59"}
